
PLAY [Create Azure VM] **************************************************************************************************************************************************************************************************

TASK [Gathering Facts] **************************************************************************************************************************************************************************************************
Tuesday 26 June 2018  16:52:48 +0800 (0:00:00.039)       0:00:00.039 ********** 
ok: [localhost]

TASK [Create a resource group] ******************************************************************************************************************************************************************************************
Tuesday 26 June 2018  16:52:49 +0800 (0:00:00.913)       0:00:00.953 ********** 
changed: [localhost]

TASK [Create virtual network] *******************************************************************************************************************************************************************************************
Tuesday 26 June 2018  16:52:53 +0800 (0:00:04.518)       0:00:05.472 ********** 
changed: [localhost]

TASK [Add subnet] *******************************************************************************************************************************************************************************************************
Tuesday 26 June 2018  16:53:17 +0800 (0:00:23.315)       0:00:28.787 ********** 
changed: [localhost]

TASK [Create public IP address] *****************************************************************************************************************************************************************************************
Tuesday 26 June 2018  16:53:25 +0800 (0:00:08.307)       0:00:37.095 ********** 
fatal: [localhost]: FAILED! => changed=false 
  msg: |-
    Error creating or updating vmckjyd - Azure Error: StaticPublicIPCountLimitReached
    Message: Cannot create more than 20 public IP addresses with static allocation method for this subscription in this region.
	to retry, use: --limit @/home/yungez/src/ansible-testapp/playbooks/vm_create.retry

PLAY RECAP **************************************************************************************************************************************************************************************************************
localhost                  : ok=4    changed=3    unreachable=0    failed=1   

Tuesday 26 June 2018  16:53:31 +0800 (0:00:05.999)       0:00:43.095 ********** 
=============================================================================== 
Create virtual network ------------------------------------------------------------------------------------------------------------------------------------------------------------------------------------------ 23.32s
Add subnet ------------------------------------------------------------------------------------------------------------------------------------------------------------------------------------------------------- 8.31s
Create public IP address ----------------------------------------------------------------------------------------------------------------------------------------------------------------------------------------- 6.00s
Create a resource group ------------------------------------------------------------------------------------------------------------------------------------------------------------------------------------------ 4.52s
Gathering Facts -------------------------------------------------------------------------------------------------------------------------------------------------------------------------------------------------- 0.91s
