
PLAY [Create Azure VM] **************************************************************************************************************************************************************************************************

TASK [Gathering Facts] **************************************************************************************************************************************************************************************************
Tuesday 26 June 2018  17:01:07 +0800 (0:00:00.039)       0:00:00.039 ********** 
ok: [localhost]

TASK [Create a resource group] ******************************************************************************************************************************************************************************************
Tuesday 26 June 2018  17:01:08 +0800 (0:00:00.907)       0:00:00.947 ********** 
ok: [localhost]

TASK [Create virtual network] *******************************************************************************************************************************************************************************************
Tuesday 26 June 2018  17:01:10 +0800 (0:00:01.757)       0:00:02.704 ********** 
changed: [localhost]

TASK [Add subnet] *******************************************************************************************************************************************************************************************************
Tuesday 26 June 2018  17:01:31 +0800 (0:00:21.052)       0:00:23.757 ********** 
changed: [localhost]

TASK [Create public IP address] *****************************************************************************************************************************************************************************************
Tuesday 26 June 2018  17:01:39 +0800 (0:00:08.250)       0:00:32.007 ********** 
changed: [localhost]

TASK [Create Network Security Group that allows SSH] ********************************************************************************************************************************************************************
Tuesday 26 June 2018  17:01:50 +0800 (0:00:10.649)       0:00:42.656 ********** 
changed: [localhost]

TASK [Create virtual network inteface card] *****************************************************************************************************************************************************************************
Tuesday 26 June 2018  17:02:09 +0800 (0:00:18.768)       0:01:01.424 ********** 
